<?xml version="1.0" encoding="UTF-8"?>
<testng-results skipped="0" failed="0" ignored="0" total="1" passed="1">
  <reporter-output>
  </reporter-output>
  <suite name="Default suite" duration-ms="6514" started-at="2023-02-21T22:57:50 CST" finished-at="2023-02-21T22:57:57 CST">
    <groups>
    </groups>
    <test name="Default test" duration-ms="6514" started-at="2023-02-21T22:57:50 CST" finished-at="2023-02-21T22:57:57 CST">
      <class name="test.AddCustomerTest">
        <test-method status="PASS" signature="userShouldBeAbleToAddCustomer()[pri:0, instance:test.AddCustomerTest@6acdbdf5]" name="userShouldBeAbleToAddCustomer" duration-ms="6475" started-at="2023-02-21T22:57:50 CST" finished-at="2023-02-21T22:57:57 CST">
          <reporter-output>
          </reporter-output>
        </test-method> <!-- userShouldBeAbleToAddCustomer -->
      </class> <!-- test.AddCustomerTest -->
    </test> <!-- Default test -->
  </suite> <!-- Default suite -->
</testng-results>
